DEBUG:asyncio:Using selector: SelectSelector
DEBUG:asyncio:Using selector: SelectSelector
INFO:django.utils.autoreload:Watching for file changes with StatReloader
INFO:django.utils.autoreload:C:\Users\Balaji\Desktop\TEsting TinyDB\Simple_Employee_Management\Simple_Employee_Management\API\views.py changed, reloading.
DEBUG:asyncio:Using selector: SelectSelector
INFO:django.utils.autoreload:Watching for file changes with StatReloader
INFO:django.utils.autoreload:C:\Users\Balaji\Desktop\TEsting TinyDB\Simple_Employee_Management\Simple_Employee_Management\API\urls.py changed, reloading.
DEBUG:asyncio:Using selector: SelectSelector
INFO:django.utils.autoreload:Watching for file changes with StatReloader
ERROR:django.request:Internal Server Error: /api/v1/addmember
Traceback (most recent call last):
  File "C:\Users\Balaji\AppData\Local\Programs\Python\Python36\lib\site-packages\django\core\handlers\exception.py", line 47, in inner
    response = get_response(request)
  File "C:\Users\Balaji\AppData\Local\Programs\Python\Python36\lib\site-packages\django\core\handlers\base.py", line 179, in _get_response
    response = wrapped_callback(request, *callback_args, **callback_kwargs)
TypeError: add_member() takes 0 positional arguments but 1 was given
INFO:django.utils.autoreload:C:\Users\Balaji\Desktop\TEsting TinyDB\Simple_Employee_Management\Simple_Employee_Management\API\views.py changed, reloading.
DEBUG:asyncio:Using selector: SelectSelector
INFO:django.utils.autoreload:Watching for file changes with StatReloader
ERROR:django.request:Internal Server Error: /api/v1/addmember
Traceback (most recent call last):
  File "C:\Users\Balaji\AppData\Local\Programs\Python\Python36\lib\site-packages\django\core\handlers\exception.py", line 47, in inner
    response = get_response(request)
  File "C:\Users\Balaji\AppData\Local\Programs\Python\Python36\lib\site-packages\django\core\handlers\base.py", line 179, in _get_response
    response = wrapped_callback(request, *callback_args, **callback_kwargs)
TypeError: add_member() takes 0 positional arguments but 1 was given
INFO:django.utils.autoreload:C:\Users\Balaji\Desktop\TEsting TinyDB\Simple_Employee_Management\Simple_Employee_Management\API\views.py changed, reloading.
DEBUG:asyncio:Using selector: SelectSelector
INFO:django.utils.autoreload:Watching for file changes with StatReloader
ERROR:django.request:Internal Server Error: /api/v1/addmember
Traceback (most recent call last):
  File "C:\Users\Balaji\AppData\Local\Programs\Python\Python36\lib\site-packages\django\core\handlers\exception.py", line 47, in inner
    response = get_response(request)
  File "C:\Users\Balaji\AppData\Local\Programs\Python\Python36\lib\site-packages\django\core\handlers\base.py", line 179, in _get_response
    response = wrapped_callback(request, *callback_args, **callback_kwargs)
TypeError: add_member() takes 0 positional arguments but 1 was given
INFO:django.utils.autoreload:C:\Users\Balaji\Desktop\TEsting TinyDB\Simple_Employee_Management\Simple_Employee_Management\API\views.py changed, reloading.
DEBUG:asyncio:Using selector: SelectSelector
INFO:django.utils.autoreload:Watching for file changes with StatReloader
ERROR:django.request:Internal Server Error: /api/v1/addmember
Traceback (most recent call last):
  File "C:\Users\Balaji\AppData\Local\Programs\Python\Python36\lib\site-packages\django\core\handlers\exception.py", line 47, in inner
    response = get_response(request)
  File "C:\Users\Balaji\AppData\Local\Programs\Python\Python36\lib\site-packages\django\core\handlers\base.py", line 179, in _get_response
    response = wrapped_callback(request, *callback_args, **callback_kwargs)
TypeError: add_member() takes 0 positional arguments but 1 was given
INFO:django.utils.autoreload:C:\Users\Balaji\Desktop\TEsting TinyDB\Simple_Employee_Management\Simple_Employee_Management\API\views.py changed, reloading.
DEBUG:asyncio:Using selector: SelectSelector
INFO:django.utils.autoreload:Watching for file changes with StatReloader
ERROR:django.request:Internal Server Error: /api/v1/addmember
Traceback (most recent call last):
  File "C:\Users\Balaji\AppData\Local\Programs\Python\Python36\lib\site-packages\django\core\handlers\exception.py", line 47, in inner
    response = get_response(request)
  File "C:\Users\Balaji\AppData\Local\Programs\Python\Python36\lib\site-packages\django\core\handlers\base.py", line 179, in _get_response
    response = wrapped_callback(request, *callback_args, **callback_kwargs)
TypeError: add_member() takes 0 positional arguments but 1 was given
INFO:django.utils.autoreload:C:\Users\Balaji\Desktop\TEsting TinyDB\Simple_Employee_Management\Simple_Employee_Management\API\views.py changed, reloading.
DEBUG:asyncio:Using selector: SelectSelector
INFO:django.utils.autoreload:Watching for file changes with StatReloader
INFO:django.utils.autoreload:C:\Users\Balaji\Desktop\TEsting TinyDB\Simple_Employee_Management\Simple_Employee_Management\API\views.py changed, reloading.
DEBUG:asyncio:Using selector: SelectSelector
INFO:django.utils.autoreload:Watching for file changes with StatReloader
ERROR:django.request:Internal Server Error: /api/v1/addmember
Traceback (most recent call last):
  File "C:\Users\Balaji\AppData\Local\Programs\Python\Python36\lib\site-packages\django\core\handlers\exception.py", line 47, in inner
    response = get_response(request)
  File "C:\Users\Balaji\AppData\Local\Programs\Python\Python36\lib\site-packages\django\core\handlers\base.py", line 179, in _get_response
    response = wrapped_callback(request, *callback_args, **callback_kwargs)
TypeError: add_member() takes 0 positional arguments but 1 was given
INFO:django.utils.autoreload:C:\Users\Balaji\Desktop\TEsting TinyDB\Simple_Employee_Management\Simple_Employee_Management\API\urls.py changed, reloading.
DEBUG:asyncio:Using selector: SelectSelector
INFO:django.utils.autoreload:Watching for file changes with StatReloader
INFO:django.utils.autoreload:C:\Users\Balaji\Desktop\TEsting TinyDB\Simple_Employee_Management\Simple_Employee_Management\API\views.py changed, reloading.
DEBUG:asyncio:Using selector: SelectSelector
INFO:django.utils.autoreload:Watching for file changes with StatReloader
ERROR:django.request:Internal Server Error: /api/v1/addmember
Traceback (most recent call last):
  File "C:\Users\Balaji\AppData\Local\Programs\Python\Python36\lib\site-packages\django\core\handlers\exception.py", line 47, in inner
    response = get_response(request)
  File "C:\Users\Balaji\AppData\Local\Programs\Python\Python36\lib\site-packages\django\core\handlers\base.py", line 179, in _get_response
    response = wrapped_callback(request, *callback_args, **callback_kwargs)
TypeError: add_member() takes 0 positional arguments but 1 was given
INFO:django.utils.autoreload:C:\Users\Balaji\Desktop\TEsting TinyDB\Simple_Employee_Management\Simple_Employee_Management\API\urls.py changed, reloading.
DEBUG:asyncio:Using selector: SelectSelector
INFO:django.utils.autoreload:Watching for file changes with StatReloader
WARNING:django.request:Not Found: /api/v1/addmember
ERROR:django.request:Internal Server Error: /api/v1//addmember
Traceback (most recent call last):
  File "C:\Users\Balaji\AppData\Local\Programs\Python\Python36\lib\site-packages\django\core\handlers\exception.py", line 47, in inner
    response = get_response(request)
  File "C:\Users\Balaji\AppData\Local\Programs\Python\Python36\lib\site-packages\django\core\handlers\base.py", line 179, in _get_response
    response = wrapped_callback(request, *callback_args, **callback_kwargs)
TypeError: add_member() takes 0 positional arguments but 1 was given
INFO:django.utils.autoreload:C:\Users\Balaji\Desktop\TEsting TinyDB\Simple_Employee_Management\Simple_Employee_Management\API\urls.py changed, reloading.
DEBUG:asyncio:Using selector: SelectSelector
INFO:django.utils.autoreload:Watching for file changes with StatReloader
INFO:django.utils.autoreload:C:\Users\Balaji\Desktop\TEsting TinyDB\Simple_Employee_Management\Simple_Employee_Management\API\views.py changed, reloading.
DEBUG:asyncio:Using selector: SelectSelector
INFO:django.utils.autoreload:Watching for file changes with StatReloader
WARNING:django.request:Not Found: /api/v1//addmember
ERROR:django.request:Internal Server Error: /api/v1/addmember
Traceback (most recent call last):
  File "C:\Users\Balaji\AppData\Local\Programs\Python\Python36\lib\site-packages\django\core\handlers\exception.py", line 47, in inner
    response = get_response(request)
  File "C:\Users\Balaji\AppData\Local\Programs\Python\Python36\lib\site-packages\django\core\handlers\base.py", line 179, in _get_response
    response = wrapped_callback(request, *callback_args, **callback_kwargs)
TypeError: add_member() takes 0 positional arguments but 1 was given
INFO:django.utils.autoreload:C:\Users\Balaji\Desktop\TEsting TinyDB\Simple_Employee_Management\Simple_Employee_Management\API\views.py changed, reloading.
DEBUG:asyncio:Using selector: SelectSelector
INFO:django.utils.autoreload:Watching for file changes with StatReloader
INFO:django.utils.autoreload:C:\Users\Balaji\Desktop\TEsting TinyDB\Simple_Employee_Management\Simple_Employee_Management\API\views.py changed, reloading.
DEBUG:asyncio:Using selector: SelectSelector
INFO:django.utils.autoreload:Watching for file changes with StatReloader
INFO:django.utils.autoreload:C:\Users\Balaji\Desktop\TEsting TinyDB\Simple_Employee_Management\Simple_Employee_Management\API\views.py changed, reloading.
DEBUG:asyncio:Using selector: SelectSelector
INFO:django.utils.autoreload:Watching for file changes with StatReloader
ERROR:django.request:Internal Server Error: /api/v1/addmember
Traceback (most recent call last):
  File "C:\Users\Balaji\AppData\Local\Programs\Python\Python36\lib\site-packages\django\core\handlers\exception.py", line 47, in inner
    response = get_response(request)
  File "C:\Users\Balaji\AppData\Local\Programs\Python\Python36\lib\site-packages\django\core\handlers\base.py", line 179, in _get_response
    response = wrapped_callback(request, *callback_args, **callback_kwargs)
  File "C:\Users\Balaji\Desktop\TEsting TinyDB\Simple_Employee_Management\Simple_Employee_Management\API\views.py", line 27, in add_member
    query.close()
TypeError: __call__() missing 1 required positional argument: 'value'
INFO:django.utils.autoreload:C:\Users\Balaji\Desktop\TEsting TinyDB\Simple_Employee_Management\Simple_Employee_Management\API\views.py changed, reloading.
DEBUG:asyncio:Using selector: SelectSelector
INFO:django.utils.autoreload:Watching for file changes with StatReloader
INFO:django.utils.autoreload:C:\Users\Balaji\Desktop\TEsting TinyDB\Simple_Employee_Management\Simple_Employee_Management\API\views.py changed, reloading.
DEBUG:asyncio:Using selector: SelectSelector
INFO:django.utils.autoreload:Watching for file changes with StatReloader
INFO:django.utils.autoreload:C:\Users\Balaji\Desktop\TEsting TinyDB\Simple_Employee_Management\Simple_Employee_Management\API\views.py changed, reloading.
DEBUG:asyncio:Using selector: SelectSelector
INFO:django.utils.autoreload:Watching for file changes with StatReloader
INFO:django.utils.autoreload:C:\Users\Balaji\Desktop\TEsting TinyDB\Simple_Employee_Management\Simple_Employee_Management\API\views.py changed, reloading.
DEBUG:asyncio:Using selector: SelectSelector
INFO:django.utils.autoreload:Watching for file changes with StatReloader
INFO:django.utils.autoreload:C:\Users\Balaji\Desktop\TEsting TinyDB\Simple_Employee_Management\Simple_Employee_Management\API\views.py changed, reloading.
DEBUG:asyncio:Using selector: SelectSelector
INFO:django.utils.autoreload:Watching for file changes with StatReloader
INFO:django.utils.autoreload:C:\Users\Balaji\Desktop\TEsting TinyDB\Simple_Employee_Management\Simple_Employee_Management\API\views.py changed, reloading.
DEBUG:asyncio:Using selector: SelectSelector
INFO:django.utils.autoreload:Watching for file changes with StatReloader
INFO:django.utils.autoreload:C:\Users\Balaji\Desktop\TEsting TinyDB\Simple_Employee_Management\Simple_Employee_Management\API\views.py changed, reloading.
DEBUG:asyncio:Using selector: SelectSelector
INFO:django.utils.autoreload:Watching for file changes with StatReloader
INFO:django.utils.autoreload:C:\Users\Balaji\Desktop\TEsting TinyDB\Simple_Employee_Management\Simple_Employee_Management\API\views.py changed, reloading.
DEBUG:asyncio:Using selector: SelectSelector
INFO:django.utils.autoreload:Watching for file changes with StatReloader
INFO:django.utils.autoreload:C:\Users\Balaji\Desktop\TEsting TinyDB\Simple_Employee_Management\Simple_Employee_Management\API\views.py changed, reloading.
DEBUG:asyncio:Using selector: SelectSelector
INFO:django.utils.autoreload:Watching for file changes with StatReloader
INFO:django.utils.autoreload:C:\Users\Balaji\Desktop\TEsting TinyDB\Simple_Employee_Management\Simple_Employee_Management\API\views.py changed, reloading.
DEBUG:asyncio:Using selector: SelectSelector
INFO:django.utils.autoreload:Watching for file changes with StatReloader
INFO:django.utils.autoreload:C:\Users\Balaji\Desktop\TEsting TinyDB\Simple_Employee_Management\Simple_Employee_Management\API\views.py changed, reloading.
DEBUG:asyncio:Using selector: SelectSelector
INFO:django.utils.autoreload:Watching for file changes with StatReloader
INFO:django.utils.autoreload:C:\Users\Balaji\Desktop\TEsting TinyDB\Simple_Employee_Management\Simple_Employee_Management\API\views.py changed, reloading.
DEBUG:asyncio:Using selector: SelectSelector
INFO:django.utils.autoreload:Watching for file changes with StatReloader
ERROR:django.request:Internal Server Error: /api/v1/addmember
Traceback (most recent call last):
  File "C:\Users\Balaji\Desktop\TEsting TinyDB\Simple_Employee_Management\Simple_Employee_Management\API\views.py", line 21, in add_member
    if requests.method != "POST":
NameError: name 'requests' is not defined

During handling of the above exception, another exception occurred:

Traceback (most recent call last):
  File "C:\Users\Balaji\AppData\Local\Programs\Python\Python36\lib\site-packages\django\core\handlers\exception.py", line 47, in inner
    response = get_response(request)
  File "C:\Users\Balaji\AppData\Local\Programs\Python\Python36\lib\site-packages\django\core\handlers\base.py", line 179, in _get_response
    response = wrapped_callback(request, *callback_args, **callback_kwargs)
  File "C:\Users\Balaji\Desktop\TEsting TinyDB\Simple_Employee_Management\Simple_Employee_Management\API\views.py", line 28, in add_member
    return JsonResponse({'message': 'Server Error'}, status = response_status.HTTP_500_INTERNAL_SERVER_ERROR)
NameError: name 'response_status' is not defined
INFO:django.utils.autoreload:C:\Users\Balaji\Desktop\TEsting TinyDB\Simple_Employee_Management\Simple_Employee_Management\API\views.py changed, reloading.
DEBUG:asyncio:Using selector: SelectSelector
INFO:django.utils.autoreload:Watching for file changes with StatReloader
ERROR:django.request:Internal Server Error: /api/v1/addmember
Traceback (most recent call last):
  File "C:\Users\Balaji\Desktop\TEsting TinyDB\Simple_Employee_Management\Simple_Employee_Management\API\views.py", line 22, in add_member
    return JsonResponse({'message': 'Bad Request'}, status = response_status.HTTP_400_BAD_REQUEST)
NameError: name 'response_status' is not defined

During handling of the above exception, another exception occurred:

Traceback (most recent call last):
  File "C:\Users\Balaji\AppData\Local\Programs\Python\Python36\lib\site-packages\django\core\handlers\exception.py", line 47, in inner
    response = get_response(request)
  File "C:\Users\Balaji\AppData\Local\Programs\Python\Python36\lib\site-packages\django\core\handlers\base.py", line 179, in _get_response
    response = wrapped_callback(request, *callback_args, **callback_kwargs)
  File "C:\Users\Balaji\Desktop\TEsting TinyDB\Simple_Employee_Management\Simple_Employee_Management\API\views.py", line 28, in add_member
    return JsonResponse({'message': 'Server Error'}, status = response_status.HTTP_500_INTERNAL_SERVER_ERROR)
NameError: name 'response_status' is not defined
ERROR:django.request:Internal Server Error: /api/v1/addmember
Traceback (most recent call last):
  File "C:\Users\Balaji\Desktop\TEsting TinyDB\Simple_Employee_Management\Simple_Employee_Management\API\views.py", line 22, in add_member
    return JsonResponse({'message': 'Bad Request'}, status = response_status.HTTP_400_BAD_REQUEST)
NameError: name 'response_status' is not defined

During handling of the above exception, another exception occurred:

Traceback (most recent call last):
  File "C:\Users\Balaji\AppData\Local\Programs\Python\Python36\lib\site-packages\django\core\handlers\exception.py", line 47, in inner
    response = get_response(request)
  File "C:\Users\Balaji\AppData\Local\Programs\Python\Python36\lib\site-packages\django\core\handlers\base.py", line 179, in _get_response
    response = wrapped_callback(request, *callback_args, **callback_kwargs)
  File "C:\Users\Balaji\Desktop\TEsting TinyDB\Simple_Employee_Management\Simple_Employee_Management\API\views.py", line 28, in add_member
    return JsonResponse({'message': 'Server Error'}, status = response_status.HTTP_500_INTERNAL_SERVER_ERROR)
NameError: name 'response_status' is not defined
ERROR:django.request:Internal Server Error: /api/v1/addmember
Traceback (most recent call last):
  File "C:\Users\Balaji\Desktop\TEsting TinyDB\Simple_Employee_Management\Simple_Employee_Management\API\views.py", line 22, in add_member
    return JsonResponse({'message': 'Bad Request'}, status = response_status.HTTP_400_BAD_REQUEST)
NameError: name 'response_status' is not defined

During handling of the above exception, another exception occurred:

Traceback (most recent call last):
  File "C:\Users\Balaji\AppData\Local\Programs\Python\Python36\lib\site-packages\django\core\handlers\exception.py", line 47, in inner
    response = get_response(request)
  File "C:\Users\Balaji\AppData\Local\Programs\Python\Python36\lib\site-packages\django\core\handlers\base.py", line 179, in _get_response
    response = wrapped_callback(request, *callback_args, **callback_kwargs)
  File "C:\Users\Balaji\Desktop\TEsting TinyDB\Simple_Employee_Management\Simple_Employee_Management\API\views.py", line 28, in add_member
    return JsonResponse({'message': 'Server Error'}, status = response_status.HTTP_500_INTERNAL_SERVER_ERROR)
NameError: name 'response_status' is not defined
ERROR:django.request:Internal Server Error: /api/v1/addmember
Traceback (most recent call last):
  File "C:\Users\Balaji\Desktop\TEsting TinyDB\Simple_Employee_Management\Simple_Employee_Management\API\views.py", line 22, in add_member
    return JsonResponse({'message': 'Bad Request'}, status = response_status.HTTP_400_BAD_REQUEST)
NameError: name 'response_status' is not defined

During handling of the above exception, another exception occurred:

Traceback (most recent call last):
  File "C:\Users\Balaji\AppData\Local\Programs\Python\Python36\lib\site-packages\django\core\handlers\exception.py", line 47, in inner
    response = get_response(request)
  File "C:\Users\Balaji\AppData\Local\Programs\Python\Python36\lib\site-packages\django\core\handlers\base.py", line 179, in _get_response
    response = wrapped_callback(request, *callback_args, **callback_kwargs)
  File "C:\Users\Balaji\Desktop\TEsting TinyDB\Simple_Employee_Management\Simple_Employee_Management\API\views.py", line 28, in add_member
    return JsonResponse({'message': 'Server Error'}, status = response_status.HTTP_500_INTERNAL_SERVER_ERROR)
NameError: name 'response_status' is not defined
ERROR:django.request:Internal Server Error: /api/v1/addmember
Traceback (most recent call last):
  File "C:\Users\Balaji\Desktop\TEsting TinyDB\Simple_Employee_Management\Simple_Employee_Management\API\views.py", line 22, in add_member
    return JsonResponse({'message': 'Bad Request'}, status = response_status.HTTP_400_BAD_REQUEST)
NameError: name 'response_status' is not defined

During handling of the above exception, another exception occurred:

Traceback (most recent call last):
  File "C:\Users\Balaji\AppData\Local\Programs\Python\Python36\lib\site-packages\django\core\handlers\exception.py", line 47, in inner
    response = get_response(request)
  File "C:\Users\Balaji\AppData\Local\Programs\Python\Python36\lib\site-packages\django\core\handlers\base.py", line 179, in _get_response
    response = wrapped_callback(request, *callback_args, **callback_kwargs)
  File "C:\Users\Balaji\Desktop\TEsting TinyDB\Simple_Employee_Management\Simple_Employee_Management\API\views.py", line 28, in add_member
    return JsonResponse({'message': 'Server Error'}, status = response_status.HTTP_500_INTERNAL_SERVER_ERROR)
NameError: name 'response_status' is not defined
INFO:django.utils.autoreload:C:\Users\Balaji\Desktop\TEsting TinyDB\Simple_Employee_Management\Simple_Employee_Management\API\views.py changed, reloading.
DEBUG:asyncio:Using selector: SelectSelector
INFO:django.utils.autoreload:Watching for file changes with StatReloader
INFO:django.utils.autoreload:C:\Users\Balaji\Desktop\TEsting TinyDB\Simple_Employee_Management\Simple_Employee_Management\API\views.py changed, reloading.
DEBUG:asyncio:Using selector: SelectSelector
INFO:django.utils.autoreload:Watching for file changes with StatReloader
WARNING:django.request:Bad Request: /api/v1/addmember
WARNING:django.security.csrf:Forbidden (CSRF cookie not set.): /api/v1/addmember
WARNING:django.request:Bad Request: /api/v1/addmember
WARNING:django.security.csrf:Forbidden (CSRF token missing or incorrect.): /api/v1/addmember
INFO:django.utils.autoreload:C:\Users\Balaji\Desktop\TEsting TinyDB\Simple_Employee_Management\Simple_Employee_Management\API\views.py changed, reloading.
DEBUG:asyncio:Using selector: SelectSelector
INFO:django.utils.autoreload:Watching for file changes with StatReloader
WARNING:django.security.csrf:Forbidden (CSRF token missing or incorrect.): /api/v1/addmember
INFO:django.utils.autoreload:C:\Users\Balaji\Desktop\TEsting TinyDB\Simple_Employee_Management\Simple_Employee_Management\API\views.py changed, reloading.
DEBUG:asyncio:Using selector: SelectSelector
INFO:django.utils.autoreload:Watching for file changes with StatReloader
INFO:django.utils.autoreload:C:\Users\Balaji\Desktop\TEsting TinyDB\Simple_Employee_Management\Simple_Employee_Management\API\views.py changed, reloading.
DEBUG:asyncio:Using selector: SelectSelector
INFO:django.utils.autoreload:Watching for file changes with StatReloader
INFO:django.utils.autoreload:C:\Users\Balaji\Desktop\TEsting TinyDB\Simple_Employee_Management\Simple_Employee_Management\API\views.py changed, reloading.
DEBUG:asyncio:Using selector: SelectSelector
INFO:django.utils.autoreload:Watching for file changes with StatReloader
DEBUG:asyncio:Using selector: SelectSelector
DEBUG:asyncio:Using selector: SelectSelector
INFO:django.utils.autoreload:Watching for file changes with StatReloader
INFO:django.utils.autoreload:C:\Users\Balaji\Desktop\TEsting TinyDB\Simple_Employee_Management\Simple_Employee_Management\API\views.py changed, reloading.
DEBUG:asyncio:Using selector: SelectSelector
INFO:django.utils.autoreload:Watching for file changes with StatReloader
WARNING:django.request:Bad Request: /api/v1/addmember
WARNING:django.request:Bad Request: /api/v1/addmember
WARNING:django.request:Bad Request: /api/v1/addmember
INFO:django.utils.autoreload:C:\Users\Balaji\Desktop\TEsting TinyDB\Simple_Employee_Management\Simple_Employee_Management\API\views.py changed, reloading.
DEBUG:asyncio:Using selector: SelectSelector
INFO:django.utils.autoreload:Watching for file changes with StatReloader
INFO:django.utils.autoreload:C:\Users\Balaji\Desktop\TEsting TinyDB\Simple_Employee_Management\Simple_Employee_Management\API\views.py changed, reloading.
DEBUG:asyncio:Using selector: SelectSelector
INFO:django.utils.autoreload:Watching for file changes with StatReloader
INFO:django.utils.autoreload:C:\Users\Balaji\Desktop\TEsting TinyDB\Simple_Employee_Management\Simple_Employee_Management\API\views.py changed, reloading.
DEBUG:asyncio:Using selector: SelectSelector
INFO:django.utils.autoreload:Watching for file changes with StatReloader
INFO:django.utils.autoreload:C:\Users\Balaji\Desktop\TEsting TinyDB\Simple_Employee_Management\Simple_Employee_Management\API\views.py changed, reloading.
DEBUG:asyncio:Using selector: SelectSelector
INFO:django.utils.autoreload:Watching for file changes with StatReloader
INFO:django.utils.autoreload:C:\Users\Balaji\Desktop\TEsting TinyDB\Simple_Employee_Management\Simple_Employee_Management\API\views.py changed, reloading.
DEBUG:asyncio:Using selector: SelectSelector
INFO:django.utils.autoreload:Watching for file changes with StatReloader
INFO:django.utils.autoreload:C:\Users\Balaji\Desktop\TEsting TinyDB\Simple_Employee_Management\Simple_Employee_Management\API\views.py changed, reloading.
DEBUG:asyncio:Using selector: SelectSelector
INFO:django.utils.autoreload:Watching for file changes with StatReloader
INFO:django.utils.autoreload:C:\Users\Balaji\Desktop\TEsting TinyDB\Simple_Employee_Management\Simple_Employee_Management\API\views.py changed, reloading.
DEBUG:asyncio:Using selector: SelectSelector
INFO:django.utils.autoreload:Watching for file changes with StatReloader
INFO:django.utils.autoreload:C:\Users\Balaji\Desktop\TEsting TinyDB\Simple_Employee_Management\Simple_Employee_Management\API\views.py changed, reloading.
DEBUG:asyncio:Using selector: SelectSelector
INFO:django.utils.autoreload:Watching for file changes with StatReloader
INFO:django.utils.autoreload:C:\Users\Balaji\Desktop\TEsting TinyDB\Simple_Employee_Management\Simple_Employee_Management\API\views.py changed, reloading.
DEBUG:asyncio:Using selector: SelectSelector
INFO:django.utils.autoreload:Watching for file changes with StatReloader
INFO:django.utils.autoreload:C:\Users\Balaji\Desktop\TEsting TinyDB\Simple_Employee_Management\Simple_Employee_Management\API\views.py changed, reloading.
DEBUG:asyncio:Using selector: SelectSelector
INFO:django.utils.autoreload:Watching for file changes with StatReloader
INFO:django.utils.autoreload:C:\Users\Balaji\Desktop\TEsting TinyDB\Simple_Employee_Management\Simple_Employee_Management\API\views.py changed, reloading.
DEBUG:asyncio:Using selector: SelectSelector
INFO:django.utils.autoreload:Watching for file changes with StatReloader
INFO:django.utils.autoreload:C:\Users\Balaji\Desktop\TEsting TinyDB\Simple_Employee_Management\Simple_Employee_Management\API\views.py changed, reloading.
DEBUG:asyncio:Using selector: SelectSelector
INFO:django.utils.autoreload:Watching for file changes with StatReloader
WARNING:django.request:Bad Request: /api/v1/addmember
INFO:django.utils.autoreload:C:\Users\Balaji\Desktop\TEsting TinyDB\Simple_Employee_Management\Simple_Employee_Management\API\views.py changed, reloading.
DEBUG:asyncio:Using selector: SelectSelector
INFO:django.utils.autoreload:Watching for file changes with StatReloader
WARNING:django.request:Bad Request: /api/v1/addmember
INFO:django.utils.autoreload:C:\Users\Balaji\Desktop\TEsting TinyDB\Simple_Employee_Management\Simple_Employee_Management\API\views.py changed, reloading.
DEBUG:asyncio:Using selector: SelectSelector
INFO:django.utils.autoreload:Watching for file changes with StatReloader
INFO:django.utils.autoreload:C:\Users\Balaji\Desktop\TEsting TinyDB\Simple_Employee_Management\Simple_Employee_Management\API\views.py changed, reloading.
DEBUG:asyncio:Using selector: SelectSelector
INFO:django.utils.autoreload:Watching for file changes with StatReloader
WARNING:django.request:Bad Request: /api/v1/addmember
WARNING:django.request:Bad Request: /api/v1/addmember
WARNING:django.request:Bad Request: /api/v1/addmember
WARNING:django.request:Bad Request: /api/v1/addmember
INFO:django.utils.autoreload:C:\Users\Balaji\Desktop\TEsting TinyDB\Simple_Employee_Management\Simple_Employee_Management\API\views.py changed, reloading.
DEBUG:asyncio:Using selector: SelectSelector
INFO:django.utils.autoreload:Watching for file changes with StatReloader
INFO:django.utils.autoreload:C:\Users\Balaji\Desktop\TEsting TinyDB\Simple_Employee_Management\Simple_Employee_Management\API\views.py changed, reloading.
DEBUG:asyncio:Using selector: SelectSelector
INFO:django.utils.autoreload:Watching for file changes with StatReloader
INFO:django.utils.autoreload:C:\Users\Balaji\Desktop\TEsting TinyDB\Simple_Employee_Management\Simple_Employee_Management\API\views.py changed, reloading.
DEBUG:asyncio:Using selector: SelectSelector
INFO:django.utils.autoreload:Watching for file changes with StatReloader
INFO:django.utils.autoreload:C:\Users\Balaji\Desktop\TEsting TinyDB\Simple_Employee_Management\Simple_Employee_Management\API\views.py changed, reloading.
DEBUG:asyncio:Using selector: SelectSelector
INFO:django.utils.autoreload:Watching for file changes with StatReloader
INFO:django.utils.autoreload:C:\Users\Balaji\Desktop\TEsting TinyDB\Simple_Employee_Management\Simple_Employee_Management\API\views.py changed, reloading.
DEBUG:asyncio:Using selector: SelectSelector
INFO:django.utils.autoreload:Watching for file changes with StatReloader
INFO:django.utils.autoreload:C:\Users\Balaji\Desktop\TEsting TinyDB\Simple_Employee_Management\Simple_Employee_Management\API\views.py changed, reloading.
DEBUG:asyncio:Using selector: SelectSelector
INFO:django.utils.autoreload:Watching for file changes with StatReloader
INFO:django.utils.autoreload:C:\Users\Balaji\Desktop\TEsting TinyDB\Simple_Employee_Management\Simple_Employee_Management\API\views.py changed, reloading.
DEBUG:asyncio:Using selector: SelectSelector
INFO:django.utils.autoreload:Watching for file changes with StatReloader
INFO:django.utils.autoreload:C:\Users\Balaji\Desktop\TEsting TinyDB\Simple_Employee_Management\Simple_Employee_Management\API\views.py changed, reloading.
DEBUG:asyncio:Using selector: SelectSelector
INFO:django.utils.autoreload:Watching for file changes with StatReloader
INFO:django.utils.autoreload:C:\Users\Balaji\Desktop\TEsting TinyDB\Simple_Employee_Management\Simple_Employee_Management\API\views.py changed, reloading.
DEBUG:asyncio:Using selector: SelectSelector
INFO:django.utils.autoreload:Watching for file changes with StatReloader
INFO:django.utils.autoreload:C:\Users\Balaji\Desktop\TEsting TinyDB\Simple_Employee_Management\Simple_Employee_Management\API\views.py changed, reloading.
DEBUG:asyncio:Using selector: SelectSelector
INFO:django.utils.autoreload:Watching for file changes with StatReloader
INFO:django.utils.autoreload:C:\Users\Balaji\Desktop\TEsting TinyDB\Simple_Employee_Management\Simple_Employee_Management\API\views.py changed, reloading.
DEBUG:asyncio:Using selector: SelectSelector
INFO:django.utils.autoreload:Watching for file changes with StatReloader
INFO:django.utils.autoreload:C:\Users\Balaji\Desktop\TEsting TinyDB\Simple_Employee_Management\Simple_Employee_Management\API\urls.py changed, reloading.
DEBUG:asyncio:Using selector: SelectSelector
INFO:django.utils.autoreload:Watching for file changes with StatReloader
INFO:django.utils.autoreload:C:\Users\Balaji\Desktop\TEsting TinyDB\Simple_Employee_Management\Simple_Employee_Management\API\urls.py changed, reloading.
DEBUG:asyncio:Using selector: SelectSelector
INFO:django.utils.autoreload:Watching for file changes with StatReloader
INFO:django.utils.autoreload:C:\Users\Balaji\Desktop\TEsting TinyDB\Simple_Employee_Management\Simple_Employee_Management\API\urls.py changed, reloading.
DEBUG:asyncio:Using selector: SelectSelector
INFO:django.utils.autoreload:Watching for file changes with StatReloader
INFO:django.utils.autoreload:C:\Users\Balaji\Desktop\TEsting TinyDB\Simple_Employee_Management\Simple_Employee_Management\API\urls.py changed, reloading.
DEBUG:asyncio:Using selector: SelectSelector
INFO:django.utils.autoreload:Watching for file changes with StatReloader
INFO:django.utils.autoreload:C:\Users\Balaji\Desktop\TEsting TinyDB\Simple_Employee_Management\Simple_Employee_Management\API\urls.py changed, reloading.
DEBUG:asyncio:Using selector: SelectSelector
INFO:django.utils.autoreload:Watching for file changes with StatReloader
WARNING:django.request:Not Found: /api/v1/addmember
WARNING:django.request:Bad Request: /api/v1/add/member
WARNING:django.request:Not Found: /api/v1/show/member
WARNING:django.request:Bad Request: /api/v1/show/members
INFO:django.utils.autoreload:C:\Users\Balaji\Desktop\TEsting TinyDB\Simple_Employee_Management\Simple_Employee_Management\API\views.py changed, reloading.
DEBUG:asyncio:Using selector: SelectSelector
INFO:django.utils.autoreload:Watching for file changes with StatReloader
WARNING:django.request:Bad Request: /api/v1/show/members/W0128B5BN3
INFO:django.utils.autoreload:C:\Users\Balaji\Desktop\TEsting TinyDB\Simple_Employee_Management\Simple_Employee_Management\API\views.py changed, reloading.
DEBUG:asyncio:Using selector: SelectSelector
INFO:django.utils.autoreload:Watching for file changes with StatReloader
INFO:django.utils.autoreload:C:\Users\Balaji\Desktop\TEsting TinyDB\Simple_Employee_Management\Simple_Employee_Management\API\views.py changed, reloading.
DEBUG:asyncio:Using selector: SelectSelector
INFO:django.utils.autoreload:Watching for file changes with StatReloader
INFO:django.utils.autoreload:C:\Users\Balaji\Desktop\TEsting TinyDB\Simple_Employee_Management\Simple_Employee_Management\API\views.py changed, reloading.
DEBUG:asyncio:Using selector: SelectSelector
INFO:django.utils.autoreload:Watching for file changes with StatReloader
INFO:django.utils.autoreload:C:\Users\Balaji\Desktop\TEsting TinyDB\Simple_Employee_Management\Simple_Employee_Management\API\views.py changed, reloading.
DEBUG:asyncio:Using selector: SelectSelector
INFO:django.utils.autoreload:Watching for file changes with StatReloader
INFO:django.utils.autoreload:C:\Users\Balaji\Desktop\TEsting TinyDB\Simple_Employee_Management\Simple_Employee_Management\API\urls.py changed, reloading.
DEBUG:asyncio:Using selector: SelectSelector
INFO:django.utils.autoreload:Watching for file changes with StatReloader
INFO:django.utils.autoreload:C:\Users\Balaji\Desktop\TEsting TinyDB\Simple_Employee_Management\Simple_Employee_Management\API\urls.py changed, reloading.
DEBUG:asyncio:Using selector: SelectSelector
INFO:django.utils.autoreload:Watching for file changes with StatReloader
INFO:django.utils.autoreload:C:\Users\Balaji\Desktop\TEsting TinyDB\Simple_Employee_Management\Simple_Employee_Management\API\views.py changed, reloading.
DEBUG:asyncio:Using selector: SelectSelector
INFO:django.utils.autoreload:Watching for file changes with StatReloader
INFO:django.utils.autoreload:C:\Users\Balaji\Desktop\TEsting TinyDB\Simple_Employee_Management\Simple_Employee_Management\API\views.py changed, reloading.
DEBUG:asyncio:Using selector: SelectSelector
INFO:django.utils.autoreload:Watching for file changes with StatReloader
INFO:django.utils.autoreload:C:\Users\Balaji\Desktop\TEsting TinyDB\Simple_Employee_Management\Simple_Employee_Management\API\views.py changed, reloading.
DEBUG:asyncio:Using selector: SelectSelector
INFO:django.utils.autoreload:Watching for file changes with StatReloader
INFO:django.utils.autoreload:C:\Users\Balaji\Desktop\TEsting TinyDB\Simple_Employee_Management\Simple_Employee_Management\API\views.py changed, reloading.
DEBUG:asyncio:Using selector: SelectSelector
INFO:django.utils.autoreload:Watching for file changes with StatReloader
INFO:django.utils.autoreload:C:\Users\Balaji\Desktop\TEsting TinyDB\Simple_Employee_Management\Simple_Employee_Management\API\views.py changed, reloading.
DEBUG:asyncio:Using selector: SelectSelector
INFO:django.utils.autoreload:Watching for file changes with StatReloader
INFO:django.utils.autoreload:C:\Users\Balaji\Desktop\TEsting TinyDB\Simple_Employee_Management\Simple_Employee_Management\API\views.py changed, reloading.
DEBUG:asyncio:Using selector: SelectSelector
INFO:django.utils.autoreload:Watching for file changes with StatReloader
WARNING:django.request:Bad Request: /api/v1/add/activity_period/W0128B5BN3
WARNING:django.request:Bad Request: /api/v1/add/activity_period/W0128B5BN3
WARNING:django.request:Bad Request: /api/v1/add/activity_period/W0128B5BN
INFO:django.utils.autoreload:C:\Users\Balaji\Desktop\TEsting TinyDB\Simple_Employee_Management\Simple_Employee_Management\API\views.py changed, reloading.
DEBUG:asyncio:Using selector: SelectSelector
INFO:django.utils.autoreload:Watching for file changes with StatReloader
WARNING:django.request:Bad Request: /api/v1/add/activity_period/W0128B5BN
WARNING:django.request:Bad Request: /api/v1/add/activity_period/W0128B5BN
WARNING:django.request:Bad Request: /api/v1/add/activity_period/W0128B5BN
WARNING:django.request:Bad Request: /api/v1/add/activity_period/W0128B5BN
WARNING:django.request:Bad Request: /api/v1/add/activity_period/W0128B5BN
WARNING:django.request:Bad Request: /api/v1/add/activity_period/W0128B5BN
WARNING:django.request:Bad Request: /api/v1/add/activity_period/W0128B5BN
WARNING:django.request:Bad Request: /api/v1/add/activity_period/W0128B5BN
WARNING:django.request:Bad Request: /api/v1/add/activity_period/W0128B5BN
WARNING:django.request:Bad Request: /api/v1/add/activity_period/W0128B5BN
WARNING:django.request:Bad Request: /api/v1/add/activity_period/W0128B5BN
WARNING:django.request:Bad Request: /api/v1/add/activity_period/W0128B5BN
INFO:django.utils.autoreload:C:\Users\Balaji\Desktop\TEsting TinyDB\Simple_Employee_Management\Simple_Employee_Management\API\views.py changed, reloading.
DEBUG:asyncio:Using selector: SelectSelector
INFO:django.utils.autoreload:Watching for file changes with StatReloader
INFO:django.utils.autoreload:C:\Users\Balaji\Desktop\TEsting TinyDB\Simple_Employee_Management\Simple_Employee_Management\API\views.py changed, reloading.
DEBUG:asyncio:Using selector: SelectSelector
INFO:django.utils.autoreload:Watching for file changes with StatReloader
INFO:django.utils.autoreload:C:\Users\Balaji\Desktop\TEsting TinyDB\Simple_Employee_Management\Simple_Employee_Management\API\views.py changed, reloading.
DEBUG:asyncio:Using selector: SelectSelector
INFO:django.utils.autoreload:Watching for file changes with StatReloader
WARNING:django.request:Bad Request: /api/v1/add/activity_period/W0128B5BN
INFO:django.utils.autoreload:C:\Users\Balaji\Desktop\TEsting TinyDB\Simple_Employee_Management\Simple_Employee_Management\API\views.py changed, reloading.
DEBUG:asyncio:Using selector: SelectSelector
INFO:django.utils.autoreload:Watching for file changes with StatReloader
WARNING:django.request:Bad Request: /api/v1/add/activity_period/W0128B5BN
INFO:django.utils.autoreload:C:\Users\Balaji\Desktop\TEsting TinyDB\Simple_Employee_Management\Simple_Employee_Management\API\views.py changed, reloading.
DEBUG:asyncio:Using selector: SelectSelector
INFO:django.utils.autoreload:Watching for file changes with StatReloader
INFO:django.utils.autoreload:C:\Users\Balaji\Desktop\TEsting TinyDB\Simple_Employee_Management\Simple_Employee_Management\API\views.py changed, reloading.
DEBUG:asyncio:Using selector: SelectSelector
INFO:django.utils.autoreload:Watching for file changes with StatReloader
INFO:django.utils.autoreload:C:\Users\Balaji\Desktop\TEsting TinyDB\Simple_Employee_Management\Simple_Employee_Management\API\views.py changed, reloading.
DEBUG:asyncio:Using selector: SelectSelector
INFO:django.utils.autoreload:Watching for file changes with StatReloader
INFO:django.utils.autoreload:C:\Users\Balaji\Desktop\TEsting TinyDB\Simple_Employee_Management\Simple_Employee_Management\API\views.py changed, reloading.
DEBUG:asyncio:Using selector: SelectSelector
INFO:django.utils.autoreload:Watching for file changes with StatReloader
INFO:django.utils.autoreload:C:\Users\Balaji\Desktop\TEsting TinyDB\Simple_Employee_Management\Simple_Employee_Management\API\views.py changed, reloading.
DEBUG:asyncio:Using selector: SelectSelector
INFO:django.utils.autoreload:Watching for file changes with StatReloader
INFO:django.utils.autoreload:C:\Users\Balaji\Desktop\TEsting TinyDB\Simple_Employee_Management\Simple_Employee_Management\API\views.py changed, reloading.
DEBUG:asyncio:Using selector: SelectSelector
INFO:django.utils.autoreload:Watching for file changes with StatReloader
INFO:django.utils.autoreload:C:\Users\Balaji\Desktop\TEsting TinyDB\Simple_Employee_Management\Simple_Employee_Management\API\views.py changed, reloading.
DEBUG:asyncio:Using selector: SelectSelector
INFO:django.utils.autoreload:Watching for file changes with StatReloader
INFO:django.utils.autoreload:C:\Users\Balaji\Desktop\TEsting TinyDB\Simple_Employee_Management\Simple_Employee_Management\API\views.py changed, reloading.
DEBUG:asyncio:Using selector: SelectSelector
INFO:django.utils.autoreload:Watching for file changes with StatReloader
ERROR:django.request:Internal Server Error: /api/v1/add/activity_period/W0128B5BN
INFO:django.utils.autoreload:C:\Users\Balaji\Desktop\TEsting TinyDB\Simple_Employee_Management\Simple_Employee_Management\API\views.py changed, reloading.
DEBUG:asyncio:Using selector: SelectSelector
INFO:django.utils.autoreload:Watching for file changes with StatReloader
ERROR:django.request:Internal Server Error: /api/v1/add/activity_period/W0128B5BN
INFO:django.utils.autoreload:C:\Users\Balaji\Desktop\TEsting TinyDB\Simple_Employee_Management\Simple_Employee_Management\API\views.py changed, reloading.
DEBUG:asyncio:Using selector: SelectSelector
INFO:django.utils.autoreload:Watching for file changes with StatReloader
ERROR:django.request:Internal Server Error: /api/v1/add/activity_period/W0128B5BN
INFO:django.utils.autoreload:C:\Users\Balaji\Desktop\TEsting TinyDB\Simple_Employee_Management\Simple_Employee_Management\API\views.py changed, reloading.
DEBUG:asyncio:Using selector: SelectSelector
INFO:django.utils.autoreload:Watching for file changes with StatReloader
INFO:django.utils.autoreload:C:\Users\Balaji\Desktop\TEsting TinyDB\Simple_Employee_Management\Simple_Employee_Management\API\views.py changed, reloading.
DEBUG:asyncio:Using selector: SelectSelector
INFO:django.utils.autoreload:Watching for file changes with StatReloader
INFO:django.utils.autoreload:C:\Users\Balaji\Desktop\TEsting TinyDB\Simple_Employee_Management\Simple_Employee_Management\API\views.py changed, reloading.
DEBUG:asyncio:Using selector: SelectSelector
INFO:django.utils.autoreload:Watching for file changes with StatReloader
INFO:django.utils.autoreload:C:\Users\Balaji\Desktop\TEsting TinyDB\Simple_Employee_Management\Simple_Employee_Management\API\views.py changed, reloading.
DEBUG:asyncio:Using selector: SelectSelector
INFO:django.utils.autoreload:Watching for file changes with StatReloader
INFO:django.utils.autoreload:C:\Users\Balaji\Desktop\TEsting TinyDB\Simple_Employee_Management\Simple_Employee_Management\API\views.py changed, reloading.
DEBUG:asyncio:Using selector: SelectSelector
INFO:django.utils.autoreload:Watching for file changes with StatReloader
INFO:django.utils.autoreload:C:\Users\Balaji\Desktop\TEsting TinyDB\Simple_Employee_Management\Simple_Employee_Management\API\views.py changed, reloading.
DEBUG:asyncio:Using selector: SelectSelector
INFO:django.utils.autoreload:Watching for file changes with StatReloader
INFO:django.utils.autoreload:C:\Users\Balaji\Desktop\TEsting TinyDB\Simple_Employee_Management\Simple_Employee_Management\API\views.py changed, reloading.
DEBUG:asyncio:Using selector: SelectSelector
INFO:django.utils.autoreload:Watching for file changes with StatReloader
INFO:django.utils.autoreload:C:\Users\Balaji\Desktop\TEsting TinyDB\Simple_Employee_Management\Simple_Employee_Management\API\views.py changed, reloading.
DEBUG:asyncio:Using selector: SelectSelector
INFO:django.utils.autoreload:Watching for file changes with StatReloader
ERROR:django.request:Internal Server Error: /api/v1/add/activity_period/W0128B5BN
INFO:django.utils.autoreload:C:\Users\Balaji\Desktop\TEsting TinyDB\Simple_Employee_Management\Simple_Employee_Management\API\views.py changed, reloading.
DEBUG:asyncio:Using selector: SelectSelector
INFO:django.utils.autoreload:Watching for file changes with StatReloader
INFO:django.utils.autoreload:C:\Users\Balaji\Desktop\TEsting TinyDB\Simple_Employee_Management\Simple_Employee_Management\API\views.py changed, reloading.
DEBUG:asyncio:Using selector: SelectSelector
INFO:django.utils.autoreload:Watching for file changes with StatReloader
ERROR:django.request:Internal Server Error: /api/v1/add/activity_period/W0128B5BN
DEBUG:asyncio:Using selector: SelectSelector
DEBUG:asyncio:Using selector: SelectSelector
INFO:django.utils.autoreload:Watching for file changes with StatReloader
ERROR:django.request:Internal Server Error: /api/v1/add/activity_period/W0128B5BN
INFO:django.utils.autoreload:C:\Users\Balaji\Desktop\TEsting TinyDB\Simple_Employee_Management\Simple_Employee_Management\API\views.py changed, reloading.
DEBUG:asyncio:Using selector: SelectSelector
INFO:django.utils.autoreload:Watching for file changes with StatReloader
INFO:django.utils.autoreload:C:\Users\Balaji\Desktop\TEsting TinyDB\Simple_Employee_Management\Simple_Employee_Management\API\views.py changed, reloading.
DEBUG:asyncio:Using selector: SelectSelector
INFO:django.utils.autoreload:Watching for file changes with StatReloader
INFO:django.utils.autoreload:C:\Users\Balaji\Desktop\TEsting TinyDB\Simple_Employee_Management\Simple_Employee_Management\API\views.py changed, reloading.
DEBUG:asyncio:Using selector: SelectSelector
INFO:django.utils.autoreload:Watching for file changes with StatReloader
INFO:django.utils.autoreload:C:\Users\Balaji\Desktop\TEsting TinyDB\Simple_Employee_Management\Simple_Employee_Management\API\views.py changed, reloading.
DEBUG:asyncio:Using selector: SelectSelector
INFO:django.utils.autoreload:Watching for file changes with StatReloader
INFO:django.utils.autoreload:C:\Users\Balaji\Desktop\TEsting TinyDB\Simple_Employee_Management\Simple_Employee_Management\API\views.py changed, reloading.
DEBUG:asyncio:Using selector: SelectSelector
INFO:django.utils.autoreload:Watching for file changes with StatReloader
INFO:django.utils.autoreload:C:\Users\Balaji\Desktop\TEsting TinyDB\Simple_Employee_Management\Simple_Employee_Management\API\views.py changed, reloading.
DEBUG:asyncio:Using selector: SelectSelector
INFO:django.utils.autoreload:Watching for file changes with StatReloader
INFO:django.utils.autoreload:C:\Users\Balaji\Desktop\TEsting TinyDB\Simple_Employee_Management\Simple_Employee_Management\API\views.py changed, reloading.
DEBUG:asyncio:Using selector: SelectSelector
INFO:django.utils.autoreload:Watching for file changes with StatReloader
INFO:django.utils.autoreload:C:\Users\Balaji\Desktop\TEsting TinyDB\Simple_Employee_Management\Simple_Employee_Management\API\views.py changed, reloading.
DEBUG:asyncio:Using selector: SelectSelector
INFO:django.utils.autoreload:Watching for file changes with StatReloader
WARNING:django.request:Bad Request: /api/v1/add/activity_period/W012A3CDE
WARNING:django.request:Bad Request: /api/v1/add/activity_period/W012A3CDE
INFO:django.utils.autoreload:C:\Users\Balaji\Desktop\TEsting TinyDB\Simple_Employee_Management\Simple_Employee_Management\API\views.py changed, reloading.
DEBUG:asyncio:Using selector: SelectSelector
INFO:django.utils.autoreload:Watching for file changes with StatReloader
ERROR:django.request:Internal Server Error: /api/v1/add/activity_period/W012A3CDE
INFO:django.utils.autoreload:C:\Users\Balaji\Desktop\TEsting TinyDB\Simple_Employee_Management\Simple_Employee_Management\API\views.py changed, reloading.
DEBUG:asyncio:Using selector: SelectSelector
INFO:django.utils.autoreload:Watching for file changes with StatReloader
ERROR:django.request:Internal Server Error: /api/v1/add/activity_period/W012A3CDE
INFO:django.utils.autoreload:C:\Users\Balaji\Desktop\TEsting TinyDB\Simple_Employee_Management\Simple_Employee_Management\API\views.py changed, reloading.
DEBUG:asyncio:Using selector: SelectSelector
INFO:django.utils.autoreload:Watching for file changes with StatReloader
INFO:django.utils.autoreload:C:\Users\Balaji\Desktop\TEsting TinyDB\Simple_Employee_Management\Simple_Employee_Management\API\views.py changed, reloading.
DEBUG:asyncio:Using selector: SelectSelector
INFO:django.utils.autoreload:Watching for file changes with StatReloader
INFO:django.utils.autoreload:C:\Users\Balaji\Desktop\TEsting TinyDB\Simple_Employee_Management\Simple_Employee_Management\API\views.py changed, reloading.
DEBUG:asyncio:Using selector: SelectSelector
INFO:django.utils.autoreload:Watching for file changes with StatReloader
ERROR:django.request:Internal Server Error: /api/v1/add/activity_period/W012A3CDE
INFO:django.utils.autoreload:C:\Users\Balaji\Desktop\TEsting TinyDB\Simple_Employee_Management\Simple_Employee_Management\API\views.py changed, reloading.
DEBUG:asyncio:Using selector: SelectSelector
INFO:django.utils.autoreload:Watching for file changes with StatReloader
ERROR:django.request:Internal Server Error: /api/v1/add/activity_period/W012A3CDE
DEBUG:asyncio:Using selector: SelectSelector
DEBUG:asyncio:Using selector: SelectSelector
INFO:django.utils.autoreload:Watching for file changes with StatReloader
DEBUG:asyncio:Using selector: SelectSelector
